<?xml version="1.0" encoding="UTF-8"?>
<!-- Generated by org.testng.reporters.JUnitXMLReporter -->
<testsuite hostname="mpatil" ignored="0" name="Dashboard Page Test" tests="11" failures="0" timestamp="18 May 2020 10:46:49 GMT" time="701.42" errors="0">
  <testcase name="courseCountTest" time="10.35" classname="com.product.qa.testcases.DashboardPageTest"/>
  <testcase name="BlogsCountTest" time="6.778" classname="com.product.qa.testcases.DashboardPageTest"/>
  <testcase name="EventsCountTest" time="9.588" classname="com.product.qa.testcases.DashboardPageTest"/>
  <testcase name="resumeButtonTest" time="3.288" classname="com.product.qa.testcases.DashboardPageTest"/>
  <testcase name="LearnigPathLabelTest" time="3.495" classname="com.product.qa.testcases.DashboardPageTest"/>
  <testcase name="upcomingEventLabelTest" time="0.186" classname="com.product.qa.testcases.DashboardPageTest"/>
  <testcase name="verifyEventOpenTest" time="9.13" classname="com.product.qa.testcases.DashboardPageTest"/>
  <testcase name="EventViewAllBtnTest" time="9.154" classname="com.product.qa.testcases.DashboardPageTest"/>
  <testcase name="BlogsLabelTest" time="0.317" classname="com.product.qa.testcases.DashboardPageTest"/>
  <testcase name="BlogsOpenTest" time="15.117" classname="com.product.qa.testcases.DashboardPageTest"/>
  <testcase name="BlogsViewAllBtnTest" time="19.847" classname="com.product.qa.testcases.DashboardPageTest"/>
</testsuite> <!-- Dashboard Page Test -->
