<?xml version="1.0" encoding="UTF-8"?>
<!-- Generated by org.testng.reporters.JUnitXMLReporter -->
<testsuite hostname="rchauhan" ignored="2" name="MZ Prduct Page Test Cases" tests="11" failures="1" timestamp="2020-03-30T21:35:47 IST" time="133.068" errors="0">
  <testcase name="@BeforeMethod setup" time="50.048" classname="com.product.qa.testcases.CoursesPageTest">
    <failure type="org.openqa.selenium.TimeoutException" message="timeout
  (Session info: chrome=80.0.3987.149)
Build info: version: &amp;apos;3.141.59&amp;apos;, revision: &amp;apos;e82be7d358&amp;apos;, time: &amp;apos;2018-11-14T08:17:03&amp;apos;
System info: host: &amp;apos;RCHAUHAN&amp;apos;, ip: &amp;apos;192.168.1.100&amp;apos;, os.name: &amp;apos;Windows 10&amp;apos;, os.arch: &amp;apos;amd64&amp;apos;, os.version: &amp;apos;10.0&amp;apos;, java.version: &amp;apos;1.8.0_211&amp;apos;
Driver info: org.openqa.selenium.chrome.ChromeDriver
Capabilities {acceptInsecureCerts: false, browserName: chrome, browserVersion: 80.0.3987.149, chrome: {chromedriverVersion: 79.0.3945.36 (3582db32b3389..., userDataDir: C:\Users\RUSHIK~1\AppData\L...}, goog:chromeOptions: {debuggerAddress: localhost:53518}, javascriptEnabled: true, networkConnectionEnabled: false, pageLoadStrategy: normal, platform: WINDOWS, platformName: WINDOWS, proxy: Proxy(), setWindowRect: true, strictFileInteractability: false, timeouts: {implicit: 0, pageLoad: 300000, script: 30000}, unhandledPromptBehavior: dismiss and notify}
Session ID: 0e0c99e585a03916a91093d9e56f9201">
      <![CDATA[org.openqa.selenium.TimeoutException: timeout
  (Session info: chrome=80.0.3987.149)
Build info: version: '3.141.59', revision: 'e82be7d358', time: '2018-11-14T08:17:03'
System info: host: 'RCHAUHAN', ip: '192.168.1.100', os.name: 'Windows 10', os.arch: 'amd64', os.version: '10.0', java.version: '1.8.0_211'
Driver info: org.openqa.selenium.chrome.ChromeDriver
Capabilities {acceptInsecureCerts: false, browserName: chrome, browserVersion: 80.0.3987.149, chrome: {chromedriverVersion: 79.0.3945.36 (3582db32b3389..., userDataDir: C:\Users\RUSHIK~1\AppData\L...}, goog:chromeOptions: {debuggerAddress: localhost:53518}, javascriptEnabled: true, networkConnectionEnabled: false, pageLoadStrategy: normal, platform: WINDOWS, platformName: WINDOWS, proxy: Proxy(), setWindowRect: true, strictFileInteractability: false, timeouts: {implicit: 0, pageLoad: 300000, script: 30000}, unhandledPromptBehavior: dismiss and notify}
Session ID: 0e0c99e585a03916a91093d9e56f9201
at org.openqa.selenium.remote.http.W3CHttpResponseCodec.createException(W3CHttpResponseCodec.java:187)
at org.openqa.selenium.remote.http.W3CHttpResponseCodec.decode(W3CHttpResponseCodec.java:122)
at org.openqa.selenium.remote.http.W3CHttpResponseCodec.decode(W3CHttpResponseCodec.java:49)
at org.openqa.selenium.remote.HttpCommandExecutor.execute(HttpCommandExecutor.java:158)
at org.openqa.selenium.remote.service.DriverCommandExecutor.execute(DriverCommandExecutor.java:83)
at org.openqa.selenium.remote.RemoteWebDriver.execute(RemoteWebDriver.java:552)
at org.openqa.selenium.remote.RemoteWebDriver.get(RemoteWebDriver.java:277)
at com.product.qa.base.TestBase.initialization(TestBase.java:81)
at com.product.qa.testcases.CoursesPageTest.setup(CoursesPageTest.java:29)
... Removed 35 stack frames]]>
    </failure>
  </testcase> <!-- @BeforeMethod setup -->
  <testcase name="@AfterMethod tearDown" time="-1.58558434747E9" classname="com.product.qa.testcases.CoursesPageTest">
    <skipped/>
  </testcase> <!-- @AfterMethod tearDown -->
  <testcase name="@BeforeMethod setup" time="-1.585584347473E9" classname="com.product.qa.testcases.CoursesPageTest">
    <skipped/>
  </testcase> <!-- @BeforeMethod setup -->
  <testcase name="@AfterMethod tearDown" time="-1.585584347478E9" classname="com.product.qa.testcases.CoursesPageTest">
    <skipped/>
  </testcase> <!-- @AfterMethod tearDown -->
  <testcase name="@BeforeMethod setup" time="-1.58558434748E9" classname="com.product.qa.testcases.CoursesPageTest">
    <skipped/>
  </testcase> <!-- @BeforeMethod setup -->
  <testcase name="@AfterMethod tearDown" time="-1.585584347487E9" classname="com.product.qa.testcases.CoursesPageTest">
    <skipped/>
  </testcase> <!-- @AfterMethod tearDown -->
  <testcase name="@BeforeMethod setup" time="-1.585584347488E9" classname="com.product.qa.testcases.CoursesPageTest">
    <skipped/>
  </testcase> <!-- @BeforeMethod setup -->
  <testcase name="@AfterMethod tearDown" time="-1.5855843475E9" classname="com.product.qa.testcases.CoursesPageTest">
    <skipped/>
  </testcase> <!-- @AfterMethod tearDown -->
  <testcase name="@BeforeMethod setup" time="-1.585584347504E9" classname="com.product.qa.testcases.CoursesPageTest">
    <skipped/>
  </testcase> <!-- @BeforeMethod setup -->
  <testcase name="@AfterMethod tearDown" time="-1.585584347515E9" classname="com.product.qa.testcases.CoursesPageTest">
    <skipped/>
  </testcase> <!-- @AfterMethod tearDown -->
  <testcase name="@BeforeMethod setup" time="-1.585584347518E9" classname="com.product.qa.testcases.CoursesPageTest">
    <skipped/>
  </testcase> <!-- @BeforeMethod setup -->
  <testcase name="@AfterMethod tearDown" time="-1.585584347523E9" classname="com.product.qa.testcases.CoursesPageTest">
    <skipped/>
  </testcase> <!-- @AfterMethod tearDown -->
  <testcase name="@BeforeMethod setup" time="-1.585584347524E9" classname="com.product.qa.testcases.CoursesPageTest">
    <skipped/>
  </testcase> <!-- @BeforeMethod setup -->
  <testcase name="@AfterMethod tearDown" time="-1.585584347528E9" classname="com.product.qa.testcases.CoursesPageTest">
    <skipped/>
  </testcase> <!-- @AfterMethod tearDown -->
  <testcase name="@BeforeMethod setup" time="-1.585584347529E9" classname="com.product.qa.testcases.CoursesPageTest">
    <skipped/>
  </testcase> <!-- @BeforeMethod setup -->
  <testcase name="@AfterMethod tearDown" time="-1.585584347533E9" classname="com.product.qa.testcases.CoursesPageTest">
    <skipped/>
  </testcase> <!-- @AfterMethod tearDown -->
  <testcase name="@BeforeMethod setup" time="-1.585584347539E9" classname="com.product.qa.testcases.CoursesPageTest">
    <skipped/>
  </testcase> <!-- @BeforeMethod setup -->
  <testcase name="@AfterMethod tearDown" time="-1.585584347548E9" classname="com.product.qa.testcases.CoursesPageTest">
    <skipped/>
  </testcase> <!-- @AfterMethod tearDown -->
  <testcase name="VerifyCoursesTest" time="15.128" classname="com.product.qa.testcases.CoursesPageTest">
    <failure type="java.lang.AssertionError" message="Not Matched">
      <![CDATA[java.lang.AssertionError: Not Matched
at com.product.qa.pages.CoursesPage.VerifyCourses(CoursesPage.java:107)
at com.product.qa.testcases.CoursesPageTest.VerifyCoursesTest(CoursesPageTest.java:53)
... Removed 28 stack frames]]>
    </failure>
  </testcase> <!-- VerifyCoursesTest -->
  <testcase name="VerifyCoursesTest" time="10.873" classname="com.product.qa.testcases.CoursesPageTest"/>
  <testcase name="VerifyCoursesTest" time="0.0" classname="com.product.qa.testcases.CoursesPageTest">
    <skipped/>
  </testcase> <!-- VerifyCoursesTest -->
  <testcase name="VerifyCoursesTest" time="0.0" classname="com.product.qa.testcases.CoursesPageTest">
    <skipped/>
  </testcase> <!-- VerifyCoursesTest -->
  <testcase name="VerifyCoursesTest" time="0.0" classname="com.product.qa.testcases.CoursesPageTest">
    <skipped/>
  </testcase> <!-- VerifyCoursesTest -->
  <testcase name="VerifyCoursesTest" time="0.0" classname="com.product.qa.testcases.CoursesPageTest">
    <skipped/>
  </testcase> <!-- VerifyCoursesTest -->
  <testcase name="VerifyCoursesTest" time="0.0" classname="com.product.qa.testcases.CoursesPageTest">
    <skipped/>
  </testcase> <!-- VerifyCoursesTest -->
  <testcase name="VerifyCoursesTest" time="0.0" classname="com.product.qa.testcases.CoursesPageTest">
    <skipped/>
  </testcase> <!-- VerifyCoursesTest -->
  <testcase name="VerifyCoursesTest" time="0.0" classname="com.product.qa.testcases.CoursesPageTest">
    <skipped/>
  </testcase> <!-- VerifyCoursesTest -->
  <testcase name="VerifyCoursesTest" time="0.0" classname="com.product.qa.testcases.CoursesPageTest">
    <skipped/>
  </testcase> <!-- VerifyCoursesTest -->
  <testcase name="VerifyCoursesTest" time="0.0" classname="com.product.qa.testcases.CoursesPageTest">
    <skipped/>
  </testcase> <!-- VerifyCoursesTest -->
  <testcase name="VerifyCoursesPageLabelTest" time="0.0" classname="com.product.qa.testcases.CoursesPageTest">
    <ignored/>
  </testcase> <!-- VerifyCoursesPageLabelTest -->
  <testcase name="VerifyCoursesPageFilterLinksTest" time="0.0" classname="com.product.qa.testcases.CoursesPageTest">
    <ignored/>
  </testcase> <!-- VerifyCoursesPageFilterLinksTest -->
</testsuite> <!-- MZ Prduct Page Test Cases -->
