<?xml version="1.0" encoding="UTF-8"?>
<!-- Generated by org.testng.reporters.JUnitXMLReporter -->
<testsuite hostname="mpatil" ignored="0" name="MZ Prduct Page Test Cases" tests="5" failures="0" timestamp="12 Apr 2020 19:21:36 GMT" time="112.928" errors="0">
  <testcase name="@BeforeMethod setUp" time="49.419" classname="com.product.qa.testcases.FeedbackTest">
    <failure type="org.openqa.selenium.WebDriverException" message="chrome not reachable
  (Session info: chrome=80.0.3987.163)
Build info: version: &amp;apos;3.141.59&amp;apos;, revision: &amp;apos;e82be7d358&amp;apos;, time: &amp;apos;2018-11-14T08:17:03&amp;apos;
System info: host: &amp;apos;MPATIL&amp;apos;, ip: &amp;apos;192.168.43.189&amp;apos;, os.name: &amp;apos;Windows 10&amp;apos;, os.arch: &amp;apos;amd64&amp;apos;, os.version: &amp;apos;10.0&amp;apos;, java.version: &amp;apos;1.8.0_191&amp;apos;
Driver info: org.openqa.selenium.chrome.ChromeDriver
Capabilities {acceptInsecureCerts: false, browserName: chrome, browserVersion: 80.0.3987.163, chrome: {chromedriverVersion: 79.0.3945.36 (3582db32b3389..., userDataDir: C:\Users\MANISH~1\AppData\L...}, goog:chromeOptions: {debuggerAddress: localhost:52817}, javascriptEnabled: true, networkConnectionEnabled: false, pageLoadStrategy: normal, platform: WINDOWS, platformName: WINDOWS, proxy: Proxy(), setWindowRect: true, strictFileInteractability: false, timeouts: {implicit: 0, pageLoad: 300000, script: 30000}, unhandledPromptBehavior: dismiss and notify}
Session ID: 7a3cecc1dbf3fa005ca79674d1345a61">
      <![CDATA[org.openqa.selenium.WebDriverException: chrome not reachable  (Session info: chrome=80.0.3987.163)Build info: version: '3.141.59', revision: 'e82be7d358', time: '2018-11-14T08:17:03'System info: host: 'MPATIL', ip: '192.168.43.189', os.name: 'Windows 10', os.arch: 'amd64', os.version: '10.0', java.version: '1.8.0_191'Driver info: org.openqa.selenium.chrome.ChromeDriverCapabilities {acceptInsecureCerts: false, browserName: chrome, browserVersion: 80.0.3987.163, chrome: {chromedriverVersion: 79.0.3945.36 (3582db32b3389..., userDataDir: C:\Users\MANISH~1\AppData\L...}, goog:chromeOptions: {debuggerAddress: localhost:52817}, javascriptEnabled: true, networkConnectionEnabled: false, pageLoadStrategy: normal, platform: WINDOWS, platformName: WINDOWS, proxy: Proxy(), setWindowRect: true, strictFileInteractability: false, timeouts: {implicit: 0, pageLoad: 300000, script: 30000}, unhandledPromptBehavior: dismiss and notify}Session ID: 7a3cecc1dbf3fa005ca79674d1345a61at org.openqa.selenium.remote.http.W3CHttpResponseCodec.createException(W3CHttpResponseCodec.java:187)at org.openqa.selenium.remote.http.W3CHttpResponseCodec.decode(W3CHttpResponseCodec.java:122)at org.openqa.selenium.remote.http.W3CHttpResponseCodec.decode(W3CHttpResponseCodec.java:49)at org.openqa.selenium.remote.HttpCommandExecutor.execute(HttpCommandExecutor.java:158)at org.openqa.selenium.remote.service.DriverCommandExecutor.execute(DriverCommandExecutor.java:83)at org.openqa.selenium.remote.RemoteWebDriver.execute(RemoteWebDriver.java:552)at org.openqa.selenium.remote.RemoteWebDriver$RemoteTargetLocator.window(RemoteWebDriver.java:903)at com.product.qa.pages.LoginPage.login(LoginPage.java:92)at com.product.qa.testcases.FeedbackTest.setUp(FeedbackTest.java:31)... Removed 32 stack frames]]>
    </failure>
  </testcase> <!-- @BeforeMethod setUp -->
  <testcase name="@AfterMethod tearDown" time="0.0" classname="com.product.qa.testcases.FeedbackTest">
    <skipped/>
  </testcase> <!-- @AfterMethod tearDown -->
  <testcase name="@BeforeMethod setUp" time="0.0" classname="com.product.qa.testcases.FeedbackTest">
    <skipped/>
  </testcase> <!-- @BeforeMethod setUp -->
  <testcase name="@AfterMethod tearDown" time="0.0" classname="com.product.qa.testcases.FeedbackTest">
    <skipped/>
  </testcase> <!-- @AfterMethod tearDown -->
  <testcase name="@BeforeMethod setUp" time="0.0" classname="com.product.qa.testcases.FeedbackTest">
    <skipped/>
  </testcase> <!-- @BeforeMethod setUp -->
  <testcase name="@AfterMethod tearDown" time="0.0" classname="com.product.qa.testcases.FeedbackTest">
    <skipped/>
  </testcase> <!-- @AfterMethod tearDown -->
  <testcase name="@BeforeMethod setUp" time="0.0" classname="com.product.qa.testcases.FeedbackTest">
    <skipped/>
  </testcase> <!-- @BeforeMethod setUp -->
  <testcase name="@AfterMethod tearDown" time="0.0" classname="com.product.qa.testcases.FeedbackTest">
    <skipped/>
  </testcase> <!-- @AfterMethod tearDown -->
  <testcase name="FeedbackLabelTest" time="0.093" classname="com.product.qa.testcases.FeedbackTest"/>
  <testcase name="cancelButtonTest" time="0.0" classname="com.product.qa.testcases.FeedbackTest">
    <skipped/>
  </testcase> <!-- cancelButtonTest -->
  <testcase name="submitFeedbackWith500CharecterTest" time="0.0" classname="com.product.qa.testcases.FeedbackTest">
    <skipped/>
  </testcase> <!-- submitFeedbackWith500CharecterTest -->
  <testcase name="submitFeedbackWith501CharecterTest" time="0.0" classname="com.product.qa.testcases.FeedbackTest">
    <skipped/>
  </testcase> <!-- submitFeedbackWith501CharecterTest -->
  <testcase name="CharecterLimitTest" time="0.0" classname="com.product.qa.testcases.FeedbackTest">
    <skipped/>
  </testcase> <!-- CharecterLimitTest -->
</testsuite> <!-- MZ Prduct Page Test Cases -->
