<?xml version="1.0" encoding="UTF-8"?>
<!-- Generated by org.testng.reporters.JUnitXMLReporter -->
<testsuite hostname="mpatil" ignored="0" name="MZ Prduct Page Test Cases" tests="11" failures="3" timestamp="06 May 2020 07:05:39 GMT" time="586.611" errors="0">
  <testcase name="courseCountTest" time="13.507" classname="com.product.qa.testcases.DashboardPageTest">
    <failure type="java.lang.AssertionError" message="expected [5] but found [4]">
      <![CDATA[java.lang.AssertionError: expected [5] but found [4]at com.product.qa.pages.DashboardPage.verifyCoursesCount(DashboardPage.java:106)at com.product.qa.testcases.DashboardPageTest.courseCountTest(DashboardPageTest.java:35)... Removed 31 stack frames]]>
    </failure>
  </testcase> <!-- courseCountTest -->
  <testcase name="BlogsCountTest" time="15.941" classname="com.product.qa.testcases.DashboardPageTest">
    <failure type="java.lang.AssertionError" message="expected [4] but found [10]">
      <![CDATA[java.lang.AssertionError: expected [4] but found [10]at com.product.qa.pages.DashboardPage.verifyBlogsCount(DashboardPage.java:133)at com.product.qa.testcases.DashboardPageTest.BlogsCountTest(DashboardPageTest.java:42)... Removed 31 stack frames]]>
    </failure>
  </testcase> <!-- BlogsCountTest -->
  <testcase name="EventsCountTest" time="13.39" classname="com.product.qa.testcases.DashboardPageTest">
    <failure type="java.lang.AssertionError" message="expected [5] but found [9]">
      <![CDATA[java.lang.AssertionError: expected [5] but found [9]at com.product.qa.pages.DashboardPage.verifyEventsCount(DashboardPage.java:159)at com.product.qa.testcases.DashboardPageTest.EventsCountTest(DashboardPageTest.java:47)... Removed 31 stack frames]]>
    </failure>
  </testcase> <!-- EventsCountTest -->
  <testcase name="resumeButtonTest" time="3.313" classname="com.product.qa.testcases.DashboardPageTest"/>
  <testcase name="LearnigPathLabelTest" time="0.462" classname="com.product.qa.testcases.DashboardPageTest"/>
  <testcase name="upcomingEventLabelTest" time="0.109" classname="com.product.qa.testcases.DashboardPageTest"/>
  <testcase name="verifyEventOpenTest" time="9.176" classname="com.product.qa.testcases.DashboardPageTest"/>
  <testcase name="EventViewAllBtnTest" time="9.205" classname="com.product.qa.testcases.DashboardPageTest"/>
  <testcase name="BlogsLabelTest" time="0.251" classname="com.product.qa.testcases.DashboardPageTest"/>
  <testcase name="BlogsOpenTest" time="15.162" classname="com.product.qa.testcases.DashboardPageTest"/>
  <testcase name="BlogsViewAllBtnTest" time="13.161" classname="com.product.qa.testcases.DashboardPageTest"/>
</testsuite> <!-- MZ Prduct Page Test Cases -->
