<?xml version="1.0" encoding="UTF-8"?>
<!-- Generated by org.testng.reporters.JUnitXMLReporter -->
<testsuite hostname="mpatil" ignored="3" name="MZ Prduct Page Test Cases" tests="10" failures="1" timestamp="17 Apr 2020 07:03:08 GMT" time="579.906" errors="0">
  <testcase name="LoginPageTitletest" time="5.034" classname="com.product.qa.testcases.LoginTest"/>
  <testcase name="courseCountTest" time="13.478" classname="com.product.qa.testcases.DashboardPageTest"/>
  <testcase name="VerifyCoursesPageFilterLinksTest" time="11.49" classname="com.product.qa.testcases.CoursesPageTest">
    <failure type="org.openqa.selenium.ElementClickInterceptedException" message="element click intercepted: Element &amp;lt;a class=&amp;quot;&amp;quot; href=&amp;quot;/app/course/course-list&amp;quot; style=&amp;quot;font-weight: bold;&amp;quot;&amp;gt;...&amp;lt;/a&amp;gt; is not clickable at point (1211, 230). Other element would receive the click: &amp;lt;div data-testid=&amp;quot;overlay&amp;quot; class=&amp;quot;_loading_overlay_overlay css-df17o1 _loading-overlay-transition-enter-done&amp;quot;&amp;gt;...&amp;lt;/div&amp;gt;
  (Session info: headless chrome=79.0.3945.88)
Build info: version: &amp;apos;3.141.59&amp;apos;, revision: &amp;apos;e82be7d358&amp;apos;, time: &amp;apos;2018-11-14T08:17:03&amp;apos;
System info: host: &amp;apos;MPATIL&amp;apos;, ip: &amp;apos;192.168.43.189&amp;apos;, os.name: &amp;apos;Windows 10&amp;apos;, os.arch: &amp;apos;amd64&amp;apos;, os.version: &amp;apos;10.0&amp;apos;, java.version: &amp;apos;1.8.0_191&amp;apos;
Driver info: org.openqa.selenium.chrome.ChromeDriver
Capabilities {acceptInsecureCerts: false, browserName: chrome, browserVersion: 79.0.3945.88, chrome: {chromedriverVersion: 79.0.3945.36 (3582db32b3389..., userDataDir: C:\Users\MANISH~1\AppData\L...}, goog:chromeOptions: {debuggerAddress: localhost:56885}, javascriptEnabled: true, networkConnectionEnabled: false, pageLoadStrategy: normal, platform: WINDOWS, platformName: WINDOWS, proxy: Proxy(), setWindowRect: true, strictFileInteractability: false, timeouts: {implicit: 0, pageLoad: 300000, script: 30000}, unhandledPromptBehavior: dismiss and notify}
Session ID: 7aa4197186f6b76b0ef721a6e8929e66">
      <![CDATA[org.openqa.selenium.ElementClickInterceptedException: element click intercepted: Element <a class="" href="/app/course/course-list" style="font-weight: bold;">...</a> is not clickable at point (1211, 230). Other element would receive the click: <div data-testid="overlay" class="_loading_overlay_overlay css-df17o1 _loading-overlay-transition-enter-done">...</div>  (Session info: headless chrome=79.0.3945.88)Build info: version: '3.141.59', revision: 'e82be7d358', time: '2018-11-14T08:17:03'System info: host: 'MPATIL', ip: '192.168.43.189', os.name: 'Windows 10', os.arch: 'amd64', os.version: '10.0', java.version: '1.8.0_191'Driver info: org.openqa.selenium.chrome.ChromeDriverCapabilities {acceptInsecureCerts: false, browserName: chrome, browserVersion: 79.0.3945.88, chrome: {chromedriverVersion: 79.0.3945.36 (3582db32b3389..., userDataDir: C:\Users\MANISH~1\AppData\L...}, goog:chromeOptions: {debuggerAddress: localhost:56885}, javascriptEnabled: true, networkConnectionEnabled: false, pageLoadStrategy: normal, platform: WINDOWS, platformName: WINDOWS, proxy: Proxy(), setWindowRect: true, strictFileInteractability: false, timeouts: {implicit: 0, pageLoad: 300000, script: 30000}, unhandledPromptBehavior: dismiss and notify}Session ID: 7aa4197186f6b76b0ef721a6e8929e66at org.openqa.selenium.remote.http.W3CHttpResponseCodec.createException(W3CHttpResponseCodec.java:187)at org.openqa.selenium.remote.http.W3CHttpResponseCodec.decode(W3CHttpResponseCodec.java:122)at org.openqa.selenium.remote.http.W3CHttpResponseCodec.decode(W3CHttpResponseCodec.java:49)at org.openqa.selenium.remote.HttpCommandExecutor.execute(HttpCommandExecutor.java:158)at org.openqa.selenium.remote.service.DriverCommandExecutor.execute(DriverCommandExecutor.java:83)at org.openqa.selenium.remote.RemoteWebDriver.execute(RemoteWebDriver.java:552)at org.openqa.selenium.remote.RemoteWebElement.execute(RemoteWebElement.java:285)at org.openqa.selenium.remote.RemoteWebElement.click(RemoteWebElement.java:84)at com.product.qa.pages.CoursesPage.ValidateFilterLinks(CoursesPage.java:68)at com.product.qa.testcases.CoursesPageTest.VerifyCoursesPageFilterLinksTest(CoursesPageTest.java:45)... Removed 29 stack frames]]>
    </failure>
  </testcase> <!-- VerifyCoursesPageFilterLinksTest -->
  <testcase name="verifyPasswordLabelTest" time="2.566" classname="com.product.qa.testcases.ChangePasswordTest"/>
  <testcase name="VerifyEventTest" time="62.444" classname="com.product.qa.testcases.EventsPageTest"/>
  <testcase name="FeedbackLabelTest" time="0.059" classname="com.product.qa.testcases.FeedbackTest"/>
  <testcase name="verifyBesicDetailTest" time="9.4" classname="com.product.qa.testcases.MyProfileTest"/>
  <testcase name="VerifyMyEvent" time="62.313" classname="com.product.qa.testcases.MyEventsTest"/>
  <testcase name="verifyBlogLabelTest" time="2.137" classname="com.product.qa.testcases.BlogsPageTest"/>
  <testcase name="MzLogoImagetest" time="5.071" classname="com.product.qa.testcases.LoginTest"/>
  <testcase name="ValidateRemoveImageTest" time="0.0" classname="com.product.qa.testcases.MyProfileTest">
    <ignored/>
  </testcase> <!-- ValidateRemoveImageTest -->
  <testcase name="ValidateForgotPassword" time="0.0" classname="com.product.qa.testcases.LoginTest">
    <ignored/>
  </testcase> <!-- ValidateForgotPassword -->
  <testcase name="startButtonTest" time="0.0" classname="com.product.qa.testcases.DashboardPageTest">
    <ignored/>
  </testcase> <!-- startButtonTest -->
</testsuite> <!-- MZ Prduct Page Test Cases -->
