<?xml version="1.0" encoding="UTF-8"?>
<!-- Generated by org.testng.reporters.JUnitXMLReporter -->
<testsuite hostname="rchauhan" ignored="2" name="MZ Prduct Page Test Cases" tests="8" failures="0" timestamp="2020-03-06T17:05:26 IST" time="358.319" errors="0">
  <testcase name="LoginPageTitletest" time="5.059" classname="com.product.qa.testcases.LoginTest"/>
  <testcase name="MzLogoImagetest" time="5.197" classname="com.product.qa.testcases.LoginTest"/>
  <testcase name="ValidateLogin" time="2.244" classname="com.product.qa.testcases.LoginTest"/>
  <testcase name="VerifyHomePageTitleTest" time="7.024" classname="com.product.qa.testcases.HomePageTest"/>
  <testcase name="VerifyMzLogotest" time="12.122" classname="com.product.qa.testcases.HomePageTest"/>
  <testcase name="VerifyCoursesLinkTest" time="15.442" classname="com.product.qa.testcases.HomePageTest"/>
  <testcase name="VerifyCoursesPageLabelTest" time="4.528" classname="com.product.qa.testcases.CoursesPageTest"/>
  <testcase name="VerifyCoursesPageFilterLinksTest" time="147.804" classname="com.product.qa.testcases.CoursesPageTest"/>
  <testcase name="VerifyCoursesLinkTest" time="0.0" classname="com.product.qa.testcases.CoursesPageTest">
    <ignored/>
  </testcase> <!-- VerifyCoursesLinkTest -->
  <testcase name="ValidateForgotPassword" time="0.0" classname="com.product.qa.testcases.LoginTest">
    <ignored/>
  </testcase> <!-- ValidateForgotPassword -->
</testsuite> <!-- MZ Prduct Page Test Cases -->
