<?xml version="1.0" encoding="UTF-8"?>
<!-- Generated by org.testng.reporters.JUnitXMLReporter -->
<testsuite hostname="mpatil" ignored="1" name="Default test" tests="3" failures="0" timestamp="01 Jun 2020 11:38:45 GMT" time="109.628" errors="0">
  <testcase name="LoginPageTitletest" time="5.041" classname="com.product.qa.testcases.LoginTest"/>
  <testcase name="MzLogoImagetest" time="5.311" classname="com.product.qa.testcases.LoginTest"/>
  <testcase name="ValidateLogin" time="12.682" classname="com.product.qa.testcases.LoginTest"/>
  <testcase name="ValidateForgotPassword" time="0.0" classname="com.product.qa.testcases.LoginTest">
    <ignored/>
  </testcase> <!-- ValidateForgotPassword -->
</testsuite> <!-- Default test -->
