<?xml version="1.0" encoding="UTF-8"?>
<!-- Generated by org.testng.reporters.JUnitXMLReporter -->
<testsuite hostname="mpatil" ignored="3" tests="0" failures="0" timestamp="15 Aug 2020 05:15:46 GMT" time="0.018" errors="0">
  <testcase name="verifyCharecterCount" time="0.0" classname="com.product.qa.testcases.HelpTest">
    <ignored/>
  </testcase> <!-- verifyCharecterCount -->
  <testcase name="verifyPleaseEnterYourMessage" time="0.0" classname="com.product.qa.testcases.HelpTest">
    <ignored/>
  </testcase> <!-- verifyPleaseEnterYourMessage -->
  <testcase name="VerifyHelpTest" time="0.0" classname="com.product.qa.testcases.HelpTest">
    <ignored/>
  </testcase> <!-- VerifyHelpTest -->
</testsuite>
