<?xml version="1.0" encoding="UTF-8"?>
<!-- Generated by org.testng.reporters.JUnitXMLReporter -->
<testsuite hostname="mpatil" ignored="0" name="ChangePasswordTest" tests="6" failures="0" timestamp="19 Aug 2020 07:24:40 GMT" time="304.525" errors="0">
  <testcase name="verifyPasswordLabelTest" time="0.046" classname="com.product.qa.testcases.ChangePasswordTest"/>
  <testcase name="verifyChangePasswordTest" time="0.491" classname="com.product.qa.testcases.ChangePasswordTest"/>
  <testcase name="VerifyChangePasswordTextTest" time="0.209" classname="com.product.qa.testcases.ChangePasswordTest"/>
  <testcase name="verifyPleaseEnterValidPasswordtextTest" time="0.492" classname="com.product.qa.testcases.ChangePasswordTest"/>
  <testcase name="verifyPleaseReEnterPasswordTextTest" time="0.523" classname="com.product.qa.testcases.ChangePasswordTest"/>
  <testcase name="verifyPasswordMisMatchTextTest" time="0.967" classname="com.product.qa.testcases.ChangePasswordTest"/>
</testsuite> <!-- ChangePasswordTest -->
