<?xml version="1.0" encoding="UTF-8"?>
<!-- Generated by org.testng.reporters.JUnitXMLReporter -->
<testsuite hostname="mpatil" ignored="3" name="DashboardPageTest" tests="8" failures="0" timestamp="19 Aug 2020 07:17:49 GMT" time="470.257" errors="0">
  <testcase name="courseCountTest" time="6.561" classname="com.product.qa.testcases.DashboardPageTest"/>
  <testcase name="BlogsCountTest" time="9.232" classname="com.product.qa.testcases.DashboardPageTest"/>
  <testcase name="EventsCountTest" time="3.21" classname="com.product.qa.testcases.DashboardPageTest"/>
  <testcase name="resumeButtonTest" time="3.698" classname="com.product.qa.testcases.DashboardPageTest"/>
  <testcase name="LearnigPathLabelTest" time="0.089" classname="com.product.qa.testcases.DashboardPageTest"/>
  <testcase name="BlogsLabelTest" time="0.072" classname="com.product.qa.testcases.DashboardPageTest"/>
  <testcase name="BlogsOpenTest" time="15.226" classname="com.product.qa.testcases.DashboardPageTest"/>
  <testcase name="BlogsViewAllBtnTest" time="13.096" classname="com.product.qa.testcases.DashboardPageTest"/>
  <testcase name="EventViewAllBtnTest" time="0.0" classname="com.product.qa.testcases.DashboardPageTest">
    <ignored/>
  </testcase> <!-- EventViewAllBtnTest -->
  <testcase name="verifyEventOpenTest" time="0.0" classname="com.product.qa.testcases.DashboardPageTest">
    <ignored/>
  </testcase> <!-- verifyEventOpenTest -->
  <testcase name="upcomingEventLabelTest" time="0.0" classname="com.product.qa.testcases.DashboardPageTest">
    <ignored/>
  </testcase> <!-- upcomingEventLabelTest -->
</testsuite> <!-- DashboardPageTest -->
