<?xml version="1.0" encoding="UTF-8"?>
<!-- Generated by org.testng.reporters.JUnitXMLReporter -->
<testsuite hostname="mpatil" ignored="0" name="HomePageTest" tests="3" failures="0" timestamp="19 Aug 2020 07:09:59 GMT" time="132.582" errors="0">
  <testcase name="VerifyHomePageTitleTest" time="7.25" classname="com.product.qa.testcases.HomePageTest"/>
  <testcase name="VerifyMzLogotest" time="5.108" classname="com.product.qa.testcases.HomePageTest"/>
  <testcase name="VerifyCoursesLinkTest" time="0.123" classname="com.product.qa.testcases.HomePageTest"/>
</testsuite> <!-- HomePageTest -->
