<?xml version="1.0" encoding="UTF-8"?>
<!-- Generated by org.testng.reporters.JUnitXMLReporter -->
<testsuite hostname="mpatil" ignored="1" name="LoginTest" tests="3" failures="0" timestamp="19 Aug 2020 07:29:32 GMT" time="91.669" errors="0">
  <testcase name="LoginPageTitletest" time="5.016" classname="com.product.qa.testcases.LoginTest"/>
  <testcase name="MzLogoImagetest" time="5.103" classname="com.product.qa.testcases.LoginTest"/>
  <testcase name="ValidateLogin" time="22.563" classname="com.product.qa.testcases.LoginTest"/>
  <testcase name="ValidateForgotPassword" time="0.0" classname="com.product.qa.testcases.LoginTest">
    <ignored/>
  </testcase> <!-- ValidateForgotPassword -->
</testsuite> <!-- LoginTest -->
