<?xml version="1.0" encoding="UTF-8"?>
<testng-results skipped="0" failed="0" ignored="1" total="4" passed="3">
  <reporter-output>
  </reporter-output>
  <suite name="Default suite" duration-ms="109628" started-at="2020-06-01T11:36:55Z" finished-at="2020-06-01T11:38:44Z">
    <groups>
    </groups>
    <test name="Default test" duration-ms="109628" started-at="2020-06-01T11:36:55Z" finished-at="2020-06-01T11:38:44Z">
      <class name="com.product.qa.testcases.LoginTest">
        <test-method status="PASS" signature="setUp()[pri:0, instance:com.product.qa.testcases.LoginTest@63753b6d]" name="setUp" is-config="true" duration-ms="36899" started-at="2020-06-01T17:06:55Z" finished-at="2020-06-01T17:07:32Z">
          <reporter-output>
          </reporter-output>
        </test-method> <!-- setUp -->
        <test-method status="PASS" signature="LoginPageTitletest()[pri:1, instance:com.product.qa.testcases.LoginTest@63753b6d]" name="LoginPageTitletest" duration-ms="5041" started-at="2020-06-01T17:07:32Z" finished-at="2020-06-01T17:07:37Z">
          <reporter-output>
          </reporter-output>
        </test-method> <!-- LoginPageTitletest -->
        <test-method status="PASS" signature="tearDown()[pri:0, instance:com.product.qa.testcases.LoginTest@63753b6d]" name="tearDown" is-config="true" duration-ms="1756" started-at="2020-06-01T17:07:37Z" finished-at="2020-06-01T17:07:39Z">
          <reporter-output>
          </reporter-output>
        </test-method> <!-- tearDown -->
        <test-method status="PASS" signature="setUp()[pri:0, instance:com.product.qa.testcases.LoginTest@63753b6d]" name="setUp" is-config="true" duration-ms="24759" started-at="2020-06-01T17:07:39Z" finished-at="2020-06-01T17:08:03Z">
          <reporter-output>
          </reporter-output>
        </test-method> <!-- setUp -->
        <test-method status="PASS" signature="MzLogoImagetest()[pri:2, instance:com.product.qa.testcases.LoginTest@63753b6d]" name="MzLogoImagetest" duration-ms="5311" started-at="2020-06-01T17:08:03Z" finished-at="2020-06-01T17:08:09Z">
          <reporter-output>
          </reporter-output>
        </test-method> <!-- MzLogoImagetest -->
        <test-method status="PASS" signature="tearDown()[pri:0, instance:com.product.qa.testcases.LoginTest@63753b6d]" name="tearDown" is-config="true" duration-ms="924" started-at="2020-06-01T17:08:09Z" finished-at="2020-06-01T17:08:10Z">
          <reporter-output>
          </reporter-output>
        </test-method> <!-- tearDown -->
        <test-method status="PASS" signature="setUp()[pri:0, instance:com.product.qa.testcases.LoginTest@63753b6d]" name="setUp" is-config="true" duration-ms="21497" started-at="2020-06-01T17:08:10Z" finished-at="2020-06-01T17:08:31Z">
          <reporter-output>
          </reporter-output>
        </test-method> <!-- setUp -->
        <test-method status="PASS" signature="ValidateLogin()[pri:3, instance:com.product.qa.testcases.LoginTest@63753b6d]" name="ValidateLogin" duration-ms="12682" started-at="2020-06-01T17:08:31Z" finished-at="2020-06-01T17:08:44Z">
          <reporter-output>
          </reporter-output>
        </test-method> <!-- ValidateLogin -->
        <test-method status="PASS" signature="tearDown()[pri:0, instance:com.product.qa.testcases.LoginTest@63753b6d]" name="tearDown" is-config="true" duration-ms="680" started-at="2020-06-01T17:08:44Z" finished-at="2020-06-01T17:08:44Z">
          <reporter-output>
          </reporter-output>
        </test-method> <!-- tearDown -->
      </class> <!-- com.product.qa.testcases.LoginTest -->
    </test> <!-- Default test -->
  </suite> <!-- Default suite -->
</testng-results>
