<?xml version="1.0" encoding="UTF-8"?>
<testng-results skipped="0" failed="0" ignored="0" total="4" passed="4">
  <reporter-output>
  </reporter-output>
  <suite name="Default suite" duration-ms="245043" started-at="2020-08-19T13:53:17Z" finished-at="2020-08-19T13:57:22Z">
    <groups>
    </groups>
    <test name="Default test" duration-ms="245043" started-at="2020-08-19T13:53:17Z" finished-at="2020-08-19T13:57:22Z">
      <class name="com.product.qa.testcases.CoursesPageTest">
        <test-method status="PASS" signature="setup()[pri:0, instance:com.product.qa.testcases.CoursesPageTest@63753b6d]" name="setup" is-config="true" duration-ms="38300" started-at="2020-08-19T19:23:17Z" finished-at="2020-08-19T19:23:55Z">
          <reporter-output>
          </reporter-output>
        </test-method> <!-- setup -->
        <test-method status="PASS" signature="VerifyCoursesPageFilterLinksTest()[pri:1, instance:com.product.qa.testcases.CoursesPageTest@63753b6d]" name="VerifyCoursesPageFilterLinksTest" duration-ms="894" started-at="2020-08-19T19:23:55Z" finished-at="2020-08-19T19:23:56Z">
          <reporter-output>
          </reporter-output>
        </test-method> <!-- VerifyCoursesPageFilterLinksTest -->
        <test-method status="PASS" signature="tearDown()[pri:0, instance:com.product.qa.testcases.CoursesPageTest@63753b6d]" name="tearDown" is-config="true" duration-ms="644" started-at="2020-08-19T19:23:56Z" finished-at="2020-08-19T19:23:57Z">
          <reporter-output>
          </reporter-output>
        </test-method> <!-- tearDown -->
        <test-method status="PASS" signature="setup()[pri:0, instance:com.product.qa.testcases.CoursesPageTest@63753b6d]" name="setup" is-config="true" duration-ms="59966" started-at="2020-08-19T19:23:57Z" finished-at="2020-08-19T19:24:57Z">
          <reporter-output>
          </reporter-output>
        </test-method> <!-- setup -->
        <test-method status="PASS" signature="VerifyCoursesPageLabelTest()[pri:2, instance:com.product.qa.testcases.CoursesPageTest@63753b6d]" name="VerifyCoursesPageLabelTest" duration-ms="3378" started-at="2020-08-19T19:24:57Z" finished-at="2020-08-19T19:25:00Z">
          <reporter-output>
          </reporter-output>
        </test-method> <!-- VerifyCoursesPageLabelTest -->
        <test-method status="PASS" signature="tearDown()[pri:0, instance:com.product.qa.testcases.CoursesPageTest@63753b6d]" name="tearDown" is-config="true" duration-ms="618" started-at="2020-08-19T19:25:00Z" finished-at="2020-08-19T19:25:01Z">
          <reporter-output>
          </reporter-output>
        </test-method> <!-- tearDown -->
        <test-method status="PASS" signature="setup()[pri:0, instance:com.product.qa.testcases.CoursesPageTest@63753b6d]" name="setup" is-config="true" duration-ms="56013" started-at="2020-08-19T19:25:01Z" finished-at="2020-08-19T19:25:57Z">
          <reporter-output>
          </reporter-output>
        </test-method> <!-- setup -->
        <test-method status="PASS" signature="VerifyCoursesReviewTest()[pri:3, instance:com.product.qa.testcases.CoursesPageTest@63753b6d]" name="VerifyCoursesReviewTest" duration-ms="12711" started-at="2020-08-19T19:25:57Z" finished-at="2020-08-19T19:26:09Z">
          <reporter-output>
          </reporter-output>
        </test-method> <!-- VerifyCoursesReviewTest -->
        <test-method status="PASS" signature="tearDown()[pri:0, instance:com.product.qa.testcases.CoursesPageTest@63753b6d]" name="tearDown" is-config="true" duration-ms="695" started-at="2020-08-19T19:26:09Z" finished-at="2020-08-19T19:26:10Z">
          <reporter-output>
          </reporter-output>
        </test-method> <!-- tearDown -->
        <test-method status="PASS" signature="setup()[pri:0, instance:com.product.qa.testcases.CoursesPageTest@63753b6d]" name="setup" is-config="true" duration-ms="45467" started-at="2020-08-19T19:26:10Z" finished-at="2020-08-19T19:26:56Z">
          <reporter-output>
          </reporter-output>
        </test-method> <!-- setup -->
        <test-method status="PASS" signature="VerifyDoubtTest()[pri:4, instance:com.product.qa.testcases.CoursesPageTest@63753b6d]" name="VerifyDoubtTest" duration-ms="25409" started-at="2020-08-19T19:26:56Z" finished-at="2020-08-19T19:27:21Z">
          <reporter-output>
          </reporter-output>
        </test-method> <!-- VerifyDoubtTest -->
        <test-method status="PASS" signature="tearDown()[pri:0, instance:com.product.qa.testcases.CoursesPageTest@63753b6d]" name="tearDown" is-config="true" duration-ms="879" started-at="2020-08-19T19:27:21Z" finished-at="2020-08-19T19:27:22Z">
          <reporter-output>
          </reporter-output>
        </test-method> <!-- tearDown -->
      </class> <!-- com.product.qa.testcases.CoursesPageTest -->
    </test> <!-- Default test -->
  </suite> <!-- Default suite -->
</testng-results>
