<?xml version="1.0" encoding="UTF-8"?>
<testng-results skipped="0" failed="1" ignored="1" total="4" passed="2">
  <reporter-output>
  </reporter-output>
  <suite name="Product Automation Testing Suite" duration-ms="110150" started-at="2020-08-03T13:28:34Z" finished-at="2020-08-03T13:30:24Z">
    <groups>
    </groups>
    <test name="Test" duration-ms="110150" started-at="2020-08-03T13:28:34Z" finished-at="2020-08-03T13:30:24Z">
      <class name="com.product.qa.testcases.LoginTest">
        <test-method status="PASS" signature="setUp()[pri:0, instance:com.product.qa.testcases.LoginTest@7e6f74c]" name="setUp" is-config="true" duration-ms="18017" started-at="2020-08-03T18:58:34Z" finished-at="2020-08-03T18:58:52Z">
          <reporter-output>
          </reporter-output>
        </test-method> <!-- setUp -->
        <test-method status="PASS" signature="LoginPageTitletest()[pri:1, instance:com.product.qa.testcases.LoginTest@7e6f74c]" name="LoginPageTitletest" duration-ms="5081" started-at="2020-08-03T18:58:52Z" finished-at="2020-08-03T18:58:57Z">
          <reporter-output>
          </reporter-output>
        </test-method> <!-- LoginPageTitletest -->
        <test-method status="PASS" signature="tearDown()[pri:0, instance:com.product.qa.testcases.LoginTest@7e6f74c]" name="tearDown" is-config="true" duration-ms="836" started-at="2020-08-03T18:58:57Z" finished-at="2020-08-03T18:58:58Z">
          <reporter-output>
          </reporter-output>
        </test-method> <!-- tearDown -->
        <test-method status="PASS" signature="setUp()[pri:0, instance:com.product.qa.testcases.LoginTest@7e6f74c]" name="setUp" is-config="true" duration-ms="13733" started-at="2020-08-03T18:58:58Z" finished-at="2020-08-03T18:59:11Z">
          <reporter-output>
          </reporter-output>
        </test-method> <!-- setUp -->
        <test-method status="PASS" signature="MzLogoImagetest()[pri:2, instance:com.product.qa.testcases.LoginTest@7e6f74c]" name="MzLogoImagetest" duration-ms="6073" started-at="2020-08-03T18:59:11Z" finished-at="2020-08-03T18:59:17Z">
          <reporter-output>
          </reporter-output>
        </test-method> <!-- MzLogoImagetest -->
        <test-method status="PASS" signature="tearDown()[pri:0, instance:com.product.qa.testcases.LoginTest@7e6f74c]" name="tearDown" is-config="true" duration-ms="817" started-at="2020-08-03T18:59:17Z" finished-at="2020-08-03T18:59:18Z">
          <reporter-output>
          </reporter-output>
        </test-method> <!-- tearDown -->
        <test-method status="PASS" signature="setUp()[pri:0, instance:com.product.qa.testcases.LoginTest@7e6f74c]" name="setUp" is-config="true" duration-ms="15405" started-at="2020-08-03T18:59:18Z" finished-at="2020-08-03T18:59:34Z">
          <reporter-output>
          </reporter-output>
        </test-method> <!-- setUp -->
        <test-method status="FAIL" signature="ValidateLogin()[pri:3, instance:com.product.qa.testcases.LoginTest@7e6f74c]" name="ValidateLogin" duration-ms="49086" started-at="2020-08-03T18:59:34Z" finished-at="2020-08-03T19:00:23Z">
          <exception class="org.openqa.selenium.NoSuchWindowException">
            <message>
              <![CDATA[no such window: window was already closed  (Session info: chrome=84.0.4147.105)Build info: version: '3.141.59', revision: 'e82be7d358', time: '2018-11-14T08:17:03'System info: host: 'MPATIL', ip: '192.168.43.189', os.name: 'Windows 10', os.arch: 'amd64', os.version: '10.0', java.version: '1.8.0_191'Driver info: org.openqa.selenium.chrome.ChromeDriverCapabilities {acceptInsecureCerts: false, browserName: chrome, browserVersion: 84.0.4147.105, chrome: {chromedriverVersion: 83.0.4103.39 (ccbf011cb2d2b..., userDataDir: C:\Users\MANISH~1\AppData\L...}, goog:chromeOptions: {debuggerAddress: localhost:57531}, javascriptEnabled: true, networkConnectionEnabled: false, pageLoadStrategy: normal, platform: WINDOWS, platformName: WINDOWS, proxy: Proxy(), setWindowRect: true, strictFileInteractability: false, timeouts: {implicit: 0, pageLoad: 300000, script: 30000}, unhandledPromptBehavior: dismiss and notify, webauthn:virtualAuthenticators: true}Session ID: b08d5a5d55c5bdf3386a5cdb8a29f495*** Element info: {Using=xpath, value=//button[@id='onesignal-slidedown-allow-button']}]]>
            </message>
            <full-stacktrace>
              <![CDATA[org.openqa.selenium.NoSuchWindowException: no such window: window was already closed  (Session info: chrome=84.0.4147.105)Build info: version: '3.141.59', revision: 'e82be7d358', time: '2018-11-14T08:17:03'System info: host: 'MPATIL', ip: '192.168.43.189', os.name: 'Windows 10', os.arch: 'amd64', os.version: '10.0', java.version: '1.8.0_191'Driver info: org.openqa.selenium.chrome.ChromeDriverCapabilities {acceptInsecureCerts: false, browserName: chrome, browserVersion: 84.0.4147.105, chrome: {chromedriverVersion: 83.0.4103.39 (ccbf011cb2d2b..., userDataDir: C:\Users\MANISH~1\AppData\L...}, goog:chromeOptions: {debuggerAddress: localhost:57531}, javascriptEnabled: true, networkConnectionEnabled: false, pageLoadStrategy: normal, platform: WINDOWS, platformName: WINDOWS, proxy: Proxy(), setWindowRect: true, strictFileInteractability: false, timeouts: {implicit: 0, pageLoad: 300000, script: 30000}, unhandledPromptBehavior: dismiss and notify, webauthn:virtualAuthenticators: true}Session ID: b08d5a5d55c5bdf3386a5cdb8a29f495*** Element info: {Using=xpath, value=//button[@id='onesignal-slidedown-allow-button']}at sun.reflect.NativeConstructorAccessorImpl.newInstance0(Native Method)at sun.reflect.NativeConstructorAccessorImpl.newInstance(Unknown Source)at sun.reflect.DelegatingConstructorAccessorImpl.newInstance(Unknown Source)at java.lang.reflect.Constructor.newInstance(Unknown Source)at org.openqa.selenium.remote.http.W3CHttpResponseCodec.createException(W3CHttpResponseCodec.java:187)at org.openqa.selenium.remote.http.W3CHttpResponseCodec.decode(W3CHttpResponseCodec.java:122)at org.openqa.selenium.remote.http.W3CHttpResponseCodec.decode(W3CHttpResponseCodec.java:49)at org.openqa.selenium.remote.HttpCommandExecutor.execute(HttpCommandExecutor.java:158)at org.openqa.selenium.remote.service.DriverCommandExecutor.execute(DriverCommandExecutor.java:83)at org.openqa.selenium.remote.RemoteWebDriver.execute(RemoteWebDriver.java:552)at org.openqa.selenium.remote.RemoteWebDriver.findElement(RemoteWebDriver.java:323)at org.openqa.selenium.remote.RemoteWebDriver.findElementByXPath(RemoteWebDriver.java:428)at org.openqa.selenium.By$ByXPath.findElement(By.java:353)at org.openqa.selenium.remote.RemoteWebDriver.findElement(RemoteWebDriver.java:315)at org.openqa.selenium.support.pagefactory.DefaultElementLocator.findElement(DefaultElementLocator.java:69)at org.openqa.selenium.support.pagefactory.internal.LocatingElementHandler.invoke(LocatingElementHandler.java:38)at com.sun.proxy.$Proxy9.click(Unknown Source)at com.product.qa.pages.LoginPage.login(LoginPage.java:104)at com.product.qa.testcases.LoginTest.ValidateLogin(LoginTest.java:48)at sun.reflect.NativeMethodAccessorImpl.invoke0(Native Method)at sun.reflect.NativeMethodAccessorImpl.invoke(Unknown Source)at sun.reflect.DelegatingMethodAccessorImpl.invoke(Unknown Source)at java.lang.reflect.Method.invoke(Unknown Source)at org.testng.internal.MethodInvocationHelper.invokeMethod(MethodInvocationHelper.java:124)at org.testng.internal.Invoker.invokeMethod(Invoker.java:571)at org.testng.internal.Invoker.invokeTestMethod(Invoker.java:707)at org.testng.internal.Invoker.invokeTestMethods(Invoker.java:979)at org.testng.internal.TestMethodWorker.invokeTestMethods(TestMethodWorker.java:125)at org.testng.internal.TestMethodWorker.run(TestMethodWorker.java:109)at org.testng.TestRunner.privateRun(TestRunner.java:648)at org.testng.TestRunner.run(TestRunner.java:505)at org.testng.SuiteRunner.runTest(SuiteRunner.java:455)at org.testng.SuiteRunner.runSequentially(SuiteRunner.java:450)at org.testng.SuiteRunner.privateRun(SuiteRunner.java:415)at org.testng.SuiteRunner.run(SuiteRunner.java:364)at org.testng.SuiteRunnerWorker.runSuite(SuiteRunnerWorker.java:52)at org.testng.SuiteRunnerWorker.run(SuiteRunnerWorker.java:84)at org.testng.TestNG.runSuitesSequentially(TestNG.java:1187)at org.testng.TestNG.runSuitesLocally(TestNG.java:1116)at org.testng.TestNG.runSuites(TestNG.java:1028)at org.testng.TestNG.run(TestNG.java:996)at org.testng.remote.AbstractRemoteTestNG.run(AbstractRemoteTestNG.java:115)at org.testng.remote.RemoteTestNG.initAndRun(RemoteTestNG.java:251)at org.testng.remote.RemoteTestNG.main(RemoteTestNG.java:77)]]>
            </full-stacktrace>
          </exception> <!-- org.openqa.selenium.NoSuchWindowException -->
          <reporter-output>
          </reporter-output>
        </test-method> <!-- ValidateLogin -->
        <test-method status="PASS" signature="tearDown()[pri:0, instance:com.product.qa.testcases.LoginTest@7e6f74c]" name="tearDown" is-config="true" duration-ms="965" started-at="2020-08-03T19:00:23Z" finished-at="2020-08-03T19:00:24Z">
          <reporter-output>
          </reporter-output>
        </test-method> <!-- tearDown -->
      </class> <!-- com.product.qa.testcases.LoginTest -->
    </test> <!-- Test -->
  </suite> <!-- Product Automation Testing Suite -->
</testng-results>
