<?xml version="1.0" encoding="UTF-8"?>
<testng-results skipped="0" failed="0" ignored="1" total="3" passed="2">
  <reporter-output>
  </reporter-output>
  <suite name="Default suite" duration-ms="80608" started-at="2020-08-04T09:41:34Z" finished-at="2020-08-04T09:42:54Z">
    <groups>
    </groups>
    <test name="Default test" duration-ms="80608" started-at="2020-08-04T09:41:34Z" finished-at="2020-08-04T09:42:54Z">
      <class name="com.product.qa.testcases.CoursesPageTest">
        <test-method status="PASS" signature="setup()[pri:0, instance:com.product.qa.testcases.CoursesPageTest@6536e911]" name="setup" is-config="true" duration-ms="40057" started-at="2020-08-04T15:11:34Z" finished-at="2020-08-04T15:12:14Z">
          <reporter-output>
          </reporter-output>
        </test-method> <!-- setup -->
        <test-method status="PASS" signature="VerifyCoursesPageFilterLinksTest()[pri:1, instance:com.product.qa.testcases.CoursesPageTest@6536e911]" name="VerifyCoursesPageFilterLinksTest" duration-ms="1014" started-at="2020-08-04T15:12:14Z" finished-at="2020-08-04T15:12:15Z">
          <reporter-output>
          </reporter-output>
        </test-method> <!-- VerifyCoursesPageFilterLinksTest -->
        <test-method status="PASS" signature="tearDown()[pri:0, instance:com.product.qa.testcases.CoursesPageTest@6536e911]" name="tearDown" is-config="true" duration-ms="671" started-at="2020-08-04T15:12:15Z" finished-at="2020-08-04T15:12:16Z">
          <reporter-output>
          </reporter-output>
        </test-method> <!-- tearDown -->
        <test-method status="PASS" signature="setup()[pri:0, instance:com.product.qa.testcases.CoursesPageTest@6536e911]" name="setup" is-config="true" duration-ms="37008" started-at="2020-08-04T15:12:16Z" finished-at="2020-08-04T15:12:53Z">
          <reporter-output>
          </reporter-output>
        </test-method> <!-- setup -->
        <test-method status="PASS" signature="VerifyCoursesPageLabelTest()[pri:2, instance:com.product.qa.testcases.CoursesPageTest@6536e911]" name="VerifyCoursesPageLabelTest" duration-ms="1138" started-at="2020-08-04T15:12:53Z" finished-at="2020-08-04T15:12:54Z">
          <reporter-output>
          </reporter-output>
        </test-method> <!-- VerifyCoursesPageLabelTest -->
        <test-method status="PASS" signature="tearDown()[pri:0, instance:com.product.qa.testcases.CoursesPageTest@6536e911]" name="tearDown" is-config="true" duration-ms="652" started-at="2020-08-04T15:12:54Z" finished-at="2020-08-04T15:12:54Z">
          <reporter-output>
          </reporter-output>
        </test-method> <!-- tearDown -->
      </class> <!-- com.product.qa.testcases.CoursesPageTest -->
    </test> <!-- Default test -->
  </suite> <!-- Default suite -->
</testng-results>
