<?xml version="1.0" encoding="UTF-8"?>
<testng-results skipped="0" failed="0" ignored="0" total="3" passed="3">
  <reporter-output>
  </reporter-output>
  <suite name="Default suite" duration-ms="113634" started-at="2020-05-07T09:20:04Z" finished-at="2020-05-07T09:21:57Z">
    <groups>
    </groups>
    <test name="Default test" duration-ms="113634" started-at="2020-05-07T09:20:04Z" finished-at="2020-05-07T09:21:57Z">
      <class name="com.product.qa.testcases.HomePageTest">
        <test-method status="PASS" signature="setUp()[pri:0, instance:com.product.qa.testcases.HomePageTest@63753b6d]" name="setUp" is-config="true" duration-ms="36877" started-at="2020-05-07T14:50:04Z" finished-at="2020-05-07T14:50:41Z">
          <reporter-output>
          </reporter-output>
        </test-method> <!-- setUp -->
        <test-method status="PASS" signature="VerifyHomePageTitleTest()[pri:1, instance:com.product.qa.testcases.HomePageTest@63753b6d]" name="VerifyHomePageTitleTest" duration-ms="7020" started-at="2020-05-07T14:50:41Z" finished-at="2020-05-07T14:50:48Z">
          <reporter-output>
          </reporter-output>
        </test-method> <!-- VerifyHomePageTitleTest -->
        <test-method status="PASS" signature="tearDown()[pri:0, instance:com.product.qa.testcases.HomePageTest@63753b6d]" name="tearDown" is-config="true" duration-ms="641" started-at="2020-05-07T14:50:48Z" finished-at="2020-05-07T14:50:48Z">
          <reporter-output>
          </reporter-output>
        </test-method> <!-- tearDown -->
        <test-method status="PASS" signature="setUp()[pri:0, instance:com.product.qa.testcases.HomePageTest@63753b6d]" name="setUp" is-config="true" duration-ms="32544" started-at="2020-05-07T14:50:48Z" finished-at="2020-05-07T14:51:21Z">
          <reporter-output>
          </reporter-output>
        </test-method> <!-- setUp -->
        <test-method status="PASS" signature="VerifyMzLogotest()[pri:2, instance:com.product.qa.testcases.HomePageTest@63753b6d]" name="VerifyMzLogotest" duration-ms="5105" started-at="2020-05-07T14:51:21Z" finished-at="2020-05-07T14:51:26Z">
          <reporter-output>
          </reporter-output>
        </test-method> <!-- VerifyMzLogotest -->
        <test-method status="PASS" signature="tearDown()[pri:0, instance:com.product.qa.testcases.HomePageTest@63753b6d]" name="tearDown" is-config="true" duration-ms="616" started-at="2020-05-07T14:51:26Z" finished-at="2020-05-07T14:51:27Z">
          <reporter-output>
          </reporter-output>
        </test-method> <!-- tearDown -->
        <test-method status="PASS" signature="setUp()[pri:0, instance:com.product.qa.testcases.HomePageTest@63753b6d]" name="setUp" is-config="true" duration-ms="30030" started-at="2020-05-07T14:51:27Z" finished-at="2020-05-07T14:51:57Z">
          <reporter-output>
          </reporter-output>
        </test-method> <!-- setUp -->
        <test-method status="PASS" signature="VerifyCoursesLinkTest()[pri:3, instance:com.product.qa.testcases.HomePageTest@63753b6d]" name="VerifyCoursesLinkTest" duration-ms="69" started-at="2020-05-07T14:51:57Z" finished-at="2020-05-07T14:51:57Z">
          <reporter-output>
          </reporter-output>
        </test-method> <!-- VerifyCoursesLinkTest -->
        <test-method status="PASS" signature="tearDown()[pri:0, instance:com.product.qa.testcases.HomePageTest@63753b6d]" name="tearDown" is-config="true" duration-ms="646" started-at="2020-05-07T14:51:57Z" finished-at="2020-05-07T14:51:57Z">
          <reporter-output>
          </reporter-output>
        </test-method> <!-- tearDown -->
      </class> <!-- com.product.qa.testcases.HomePageTest -->
    </test> <!-- Default test -->
  </suite> <!-- Default suite -->
</testng-results>
