<?xml version="1.0" encoding="UTF-8"?>
<testng-results skipped="0" failed="0" ignored="3" total="3" passed="0">
  <reporter-output>
  </reporter-output>
  <suite name="Default suite" duration-ms="18" started-at="2020-08-15T05:15:46Z" finished-at="2020-08-15T05:15:46Z">
    <groups>
    </groups>
    <test name="Default test" duration-ms="18" started-at="2020-08-15T05:15:46Z" finished-at="2020-08-15T05:15:46Z">
    </test> <!-- Default test -->
  </suite> <!-- Default suite -->
</testng-results>
