<?xml version="1.0" encoding="UTF-8"?>
<testng-results skipped="0" failed="0" ignored="2" total="3" passed="1">
  <reporter-output>
  </reporter-output>
  <suite name="Default suite" duration-ms="43845" started-at="2020-03-27T05:00:51Z" finished-at="2020-03-27T05:01:35Z">
    <groups>
    </groups>
    <test name="Default test" duration-ms="43845" started-at="2020-03-27T05:00:51Z" finished-at="2020-03-27T05:01:35Z">
      <class name="com.product.qa.testcases.MyProfileTest">
        <test-method status="PASS" signature="setUp()[pri:0, instance:com.product.qa.testcases.MyProfileTest@3a5ed7a6]" name="setUp" is-config="true" duration-ms="42377" started-at="2020-03-27T10:30:51Z" finished-at="2020-03-27T10:31:33Z">
          <reporter-output>
          </reporter-output>
        </test-method> <!-- setUp -->
        <test-method status="PASS" signature="verifyBesicDetailTest()[pri:1, instance:com.product.qa.testcases.MyProfileTest@3a5ed7a6]" name="verifyBesicDetailTest" duration-ms="424" started-at="2020-03-27T10:31:33Z" finished-at="2020-03-27T10:31:34Z">
          <reporter-output>
          </reporter-output>
        </test-method> <!-- verifyBesicDetailTest -->
        <test-method status="PASS" signature="tearDown()[pri:0, instance:com.product.qa.testcases.MyProfileTest@3a5ed7a6]" name="tearDown" is-config="true" duration-ms="996" started-at="2020-03-27T10:31:34Z" finished-at="2020-03-27T10:31:35Z">
          <reporter-output>
          </reporter-output>
        </test-method> <!-- tearDown -->
      </class> <!-- com.product.qa.testcases.MyProfileTest -->
    </test> <!-- Default test -->
  </suite> <!-- Default suite -->
</testng-results>
