<?xml version="1.0" encoding="UTF-8"?>
<testng-results skipped="0" failed="0" ignored="3" total="4" passed="1">
  <reporter-output>
  </reporter-output>
  <suite name="Default suite" duration-ms="109557" started-at="2020-08-18T09:22:43Z" finished-at="2020-08-18T09:24:33Z">
    <groups>
    </groups>
    <test name="Default test" duration-ms="109557" started-at="2020-08-18T09:22:43Z" finished-at="2020-08-18T09:24:33Z">
      <class name="com.product.qa.testcases.CoursesPageTest">
        <test-method status="PASS" signature="setup()[pri:0, instance:com.product.qa.testcases.CoursesPageTest@63753b6d]" name="setup" is-config="true" duration-ms="78840" started-at="2020-08-18T14:52:44Z" finished-at="2020-08-18T14:54:02Z">
          <reporter-output>
          </reporter-output>
        </test-method> <!-- setup -->
        <test-method status="PASS" signature="VerifyDoubtTest()[pri:4, instance:com.product.qa.testcases.CoursesPageTest@63753b6d]" name="VerifyDoubtTest" duration-ms="24862" started-at="2020-08-18T14:54:02Z" finished-at="2020-08-18T14:54:27Z">
          <reporter-output>
          </reporter-output>
        </test-method> <!-- VerifyDoubtTest -->
        <test-method status="PASS" signature="tearDown()[pri:0, instance:com.product.qa.testcases.CoursesPageTest@63753b6d]" name="tearDown" is-config="true" duration-ms="5785" started-at="2020-08-18T14:54:27Z" finished-at="2020-08-18T14:54:33Z">
          <reporter-output>
          </reporter-output>
        </test-method> <!-- tearDown -->
      </class> <!-- com.product.qa.testcases.CoursesPageTest -->
    </test> <!-- Default test -->
  </suite> <!-- Default suite -->
</testng-results>
