<?xml version="1.0" encoding="UTF-8"?>
<testng-results skipped="0" failed="0" ignored="2" total="4" passed="2">
  <reporter-output>
  </reporter-output>
  <suite name="Default suite" duration-ms="208582" started-at="2020-05-12T16:39:29Z" finished-at="2020-05-12T16:42:58Z">
    <groups>
    </groups>
    <test name="Default test" duration-ms="208582" started-at="2020-05-12T16:39:29Z" finished-at="2020-05-12T16:42:58Z">
      <class name="com.product.qa.testcases.MyProfileTest">
        <test-method status="PASS" signature="setUp()[pri:0, instance:com.product.qa.testcases.MyProfileTest@63753b6d]" name="setUp" is-config="true" duration-ms="74431" started-at="2020-05-12T22:09:29Z" finished-at="2020-05-12T22:10:44Z">
          <reporter-output>
          </reporter-output>
        </test-method> <!-- setUp -->
        <test-method status="PASS" signature="ValidateUpdateProfileTest()[pri:3, instance:com.product.qa.testcases.MyProfileTest@63753b6d]" name="ValidateUpdateProfileTest" duration-ms="52762" started-at="2020-05-12T22:10:44Z" finished-at="2020-05-12T22:11:37Z">
          <reporter-output>
          </reporter-output>
        </test-method> <!-- ValidateUpdateProfileTest -->
        <test-method status="PASS" signature="tearDown()[pri:0, instance:com.product.qa.testcases.MyProfileTest@63753b6d]" name="tearDown" is-config="true" duration-ms="1998" started-at="2020-05-12T22:11:37Z" finished-at="2020-05-12T22:11:39Z">
          <reporter-output>
          </reporter-output>
        </test-method> <!-- tearDown -->
        <test-method status="PASS" signature="setUp()[pri:0, instance:com.product.qa.testcases.MyProfileTest@63753b6d]" name="setUp" is-config="true" duration-ms="67661" started-at="2020-05-12T22:11:39Z" finished-at="2020-05-12T22:12:46Z">
          <reporter-output>
          </reporter-output>
        </test-method> <!-- setUp -->
        <test-method status="PASS" signature="ValidateRemoveImageTest()[pri:4, instance:com.product.qa.testcases.MyProfileTest@63753b6d]" name="ValidateRemoveImageTest" duration-ms="10606" started-at="2020-05-12T22:12:46Z" finished-at="2020-05-12T22:12:57Z">
          <reporter-output>
          </reporter-output>
        </test-method> <!-- ValidateRemoveImageTest -->
        <test-method status="PASS" signature="tearDown()[pri:0, instance:com.product.qa.testcases.MyProfileTest@63753b6d]" name="tearDown" is-config="true" duration-ms="1066" started-at="2020-05-12T22:12:57Z" finished-at="2020-05-12T22:12:58Z">
          <reporter-output>
          </reporter-output>
        </test-method> <!-- tearDown -->
      </class> <!-- com.product.qa.testcases.MyProfileTest -->
    </test> <!-- Default test -->
  </suite> <!-- Default suite -->
</testng-results>
